2021-09-20 20:36:58,913 WARN  [SoapUI] Missing folder [C:\Users\91933\eclipse-workspace\soapuitest\ext] for external libraries
2021-09-20 20:36:59,039 INFO  [DefaultSoapUICore] initialized soapui-settings from [C:\Users\91933\soapui-settings.xml]
2021-09-20 20:36:59,569 INFO  [Reflections] Reflections took 74 ms to scan 2 urls, producing 75 keys and 160 values 
2021-09-20 20:36:59,621 INFO  [Reflections] Reflections took 17 ms to scan 1 urls, producing 46 keys and 344 values 
2021-09-20 20:36:59,773 INFO  [Reflections] Reflections took 6 ms to scan 1 urls, producing 11 keys and 17 values 
2021-09-20 20:36:59,868 INFO  [Reflections] Reflections took 5 ms to scan 1 urls, producing 13 keys and 21 values 
2021-09-20 20:37:00,605 INFO  [Reflections] Reflections took 680 ms to scan 13 urls, producing 341 keys and 1458 values 
2021-09-20 20:37:00,621 INFO  [PluginManager] Adding plugin from [C:\Users\91933\.soapuios\plugins\soapui-swagger-plugin-2.2-dist.jar]
2021-09-20 20:37:00,621 INFO  [PluginManager] Adding plugin from [C:\Users\91933\.soapuios\plugins\ready-mqtt-plugin-dist.jar]
2021-09-20 20:37:00,675 INFO  [Reflections] Reflections took 28 ms to scan 2 urls, producing 75 keys and 160 values 
2021-09-20 20:37:01,141 INFO  [Reflections] Reflections took 453 ms to scan 1 urls, producing 1492 keys and 5707 values 
2021-09-20 20:37:01,189 INFO  [PluginManager] Adding plugin from [C:\Users\91933\.soapuios\plugins\ready-uxm-plugin-os-1.0.3.jar]
2021-09-20 20:37:01,223 INFO  [Reflections] Reflections took 17 ms to scan 1 urls, producing 46 keys and 344 values 
2021-09-20 20:37:01,611 INFO  [Reflections] Reflections took 381 ms to scan 1 urls, producing 1492 keys and 5707 values 
2021-09-20 20:37:01,628 INFO  [PluginManager] Adding plugin from [C:\Users\91933\.soapuios\plugins\readyapi-swaggerhub-plugin-1.0.jar]
2021-09-20 20:37:01,637 INFO  [Reflections] Reflections took 956 ms to scan 13 urls, producing 341 keys and 1458 values 
2021-09-20 20:37:01,753 INFO  [Reflections] Reflections took 4 ms to scan 1 urls, producing 13 keys and 21 values 
2021-09-20 20:37:02,039 INFO  [Reflections] Reflections took 389 ms to scan 1 urls, producing 1492 keys and 5707 values 
2021-09-20 20:37:02,047 INFO  [PluginManager] Adding plugin from [C:\Users\91933\.soapuios\plugins\readyapi-postman-1.0.1.jar]
2021-09-20 20:37:02,130 INFO  [Reflections] Reflections took 373 ms to scan 1 urls, producing 1492 keys and 5707 values 
2021-09-20 20:37:02,180 INFO  [Reflections] Reflections took 4 ms to scan 1 urls, producing 11 keys and 17 values 
2021-09-20 20:37:02,466 INFO  [Reflections] Reflections took 283 ms to scan 1 urls, producing 1492 keys and 5707 values 
2021-09-20 20:37:02,479 INFO  [PluginManager] 5 plugins loaded in 1851 ms
2021-09-20 20:37:02,479 INFO  [DefaultSoapUICore] All plugins loaded
2021-09-20 20:37:03,392 INFO  [WsdlProject] Loaded project from [file:/C:/Users/91933/Downloads/9781789134926_Code/Section%208/Employee.xml]
2021-09-20 20:37:04,041 INFO  [WsdlProject] Loaded project from [file:/C:/Users/91933/Downloads/9781789134926_Code/Section%208/Employee.xml]
2021-09-20 20:37:04,698 INFO  [log] Moon
2021-09-20 20:37:04,850 WARN  [Tools] Could not delete temporary directory C:\Users\91933\AppData\Local\Temp\eab0f86a-50c3-447d-8d1c-9f9b766e4203
2021-09-20 20:37:04,855 WARN  [Tools] Could not delete temporary directory C:\Users\91933\AppData\Local\Temp\75d5141b-d4c2-4696-b09b-ffecebbc3fea
